C:\USERS\VOSTRO 3568\DOCUMENTS\VISUAL STUDIO 2010\PROJECTS\SCP_PRJ\DEBUG\SCP_PRJ.EXE
C:\USERS\VOSTRO 3568\DOCUMENTS\VISUAL STUDIO 2010\PROJECTS\SCP_PRJ\DEBUG\SCP_PRJ.ILK
C:\USERS\VOSTRO 3568\DOCUMENTS\VISUAL STUDIO 2010\PROJECTS\SCP_PRJ\DEBUG\SCP_PRJ.PDB
C:\Users\Vostro 3568\documents\visual studio 2010\Projects\scp_prj\scp_prj\Debug\cl.command.1.tlog
C:\Users\Vostro 3568\documents\visual studio 2010\Projects\scp_prj\scp_prj\Debug\CL.read.1.tlog
C:\Users\Vostro 3568\documents\visual studio 2010\Projects\scp_prj\scp_prj\Debug\CL.write.1.tlog
C:\Users\Vostro 3568\documents\visual studio 2010\Projects\scp_prj\scp_prj\Debug\link.9904.read.1.tlog
C:\Users\Vostro 3568\documents\visual studio 2010\Projects\scp_prj\scp_prj\Debug\link.9904.write.1.tlog
C:\Users\Vostro 3568\documents\visual studio 2010\Projects\scp_prj\scp_prj\Debug\link.9904-cvtres.read.1.tlog
C:\Users\Vostro 3568\documents\visual studio 2010\Projects\scp_prj\scp_prj\Debug\link.9904-cvtres.write.1.tlog
C:\Users\Vostro 3568\documents\visual studio 2010\Projects\scp_prj\scp_prj\Debug\link.command.1.tlog
C:\Users\Vostro 3568\documents\visual studio 2010\Projects\scp_prj\scp_prj\Debug\link.read.1.tlog
C:\Users\Vostro 3568\documents\visual studio 2010\Projects\scp_prj\scp_prj\Debug\link.write.1.tlog
C:\Users\Vostro 3568\documents\visual studio 2010\Projects\scp_prj\scp_prj\Debug\link-cvtres.read.1.tlog
C:\Users\Vostro 3568\documents\visual studio 2010\Projects\scp_prj\scp_prj\Debug\link-cvtres.write.1.tlog
C:\Users\Vostro 3568\documents\visual studio 2010\Projects\scp_prj\scp_prj\Debug\mt.command.1.tlog
C:\Users\Vostro 3568\documents\visual studio 2010\Projects\scp_prj\scp_prj\Debug\mt.read.1.tlog
C:\Users\Vostro 3568\documents\visual studio 2010\Projects\scp_prj\scp_prj\Debug\mt.write.1.tlog
C:\Users\Vostro 3568\documents\visual studio 2010\Projects\scp_prj\scp_prj\Debug\rc.command.1.tlog
C:\Users\Vostro 3568\documents\visual studio 2010\Projects\scp_prj\scp_prj\Debug\rc.read.1.tlog
C:\Users\Vostro 3568\documents\visual studio 2010\Projects\scp_prj\scp_prj\Debug\rc.write.1.tlog
C:\USERS\VOSTRO 3568\DOCUMENTS\VISUAL STUDIO 2010\PROJECTS\SCP_PRJ\SCP_PRJ\DEBUG\SCP_PRJ.EXE.EMBED.MANIFEST
C:\USERS\VOSTRO 3568\DOCUMENTS\VISUAL STUDIO 2010\PROJECTS\SCP_PRJ\SCP_PRJ\DEBUG\SCP_PRJ.EXE.EMBED.MANIFEST.RES
C:\USERS\VOSTRO 3568\DOCUMENTS\VISUAL STUDIO 2010\PROJECTS\SCP_PRJ\SCP_PRJ\DEBUG\SCP_PRJ.EXE.INTERMEDIATE.MANIFEST
C:\USERS\VOSTRO 3568\DOCUMENTS\VISUAL STUDIO 2010\PROJECTS\SCP_PRJ\SCP_PRJ\DEBUG\SCP_PRJ.OBJ
C:\Users\Vostro 3568\documents\visual studio 2010\Projects\scp_prj\scp_prj\Debug\scp_prj.write.1.tlog
C:\Users\Vostro 3568\documents\visual studio 2010\Projects\scp_prj\scp_prj\Debug\scp_prj_manifest.rc
C:\USERS\VOSTRO 3568\DOCUMENTS\VISUAL STUDIO 2010\PROJECTS\SCP_PRJ\SCP_PRJ\DEBUG\STDAFX.OBJ
C:\Users\Vostro 3568\documents\visual studio 2010\Projects\scp_prj\scp_prj\Debug\vc100.idb
C:\USERS\VOSTRO 3568\DOCUMENTS\VISUAL STUDIO 2010\PROJECTS\SCP_PRJ\SCP_PRJ\DEBUG\VC100.PDB
